     6.000      3.619 0 # matmult_gpu1
    24.000      5.007 0 # matmult_gpu1
    54.000      5.266 0 # matmult_gpu1
    96.000      5.347 0 # matmult_gpu1
   216.000      5.392 0 # matmult_gpu1
   384.000      5.421 0 # matmult_gpu1
   726.000      5.407 0 # matmult_gpu1
  1536.000      5.405 0 # matmult_gpu1
     6.000     19.481 0 # matmult_gpu2
    24.000    150.734 0 # matmult_gpu2
    54.000    462.562 0 # matmult_gpu2
    96.000   1111.711 0 # matmult_gpu2
   216.000   2704.767 0 # matmult_gpu2
   384.000   3982.773 0 # matmult_gpu2
   726.000   7959.298 0 # matmult_gpu2
  1536.000  11801.734 0 # matmult_gpu2
  2904.000  17266.024 0 # matmult_gpu2
  6144.000  29335.967 0 # matmult_gpu2
 11616.000  38249.778 0 # matmult_gpu2
 24576.000  45672.511 0 # matmult_gpu2
 46464.000  48528.990 0 # matmult_gpu2
 98304.000  51459.913 296 # matmult_gpu2
185856.000  52829.515 1952 # matmult_gpu2
393216.000  54663.573 18944 # matmult_gpu2
     6.000     19.327 0 # matmult_gpu3
    24.000    150.534 0 # matmult_gpu3
    54.000    467.847 0 # matmult_gpu3
    96.000   1083.714 0 # matmult_gpu3
   216.000   2157.640 0 # matmult_gpu3
   384.000   4624.284 0 # matmult_gpu3
   726.000   9567.239 0 # matmult_gpu3
  1536.000  14834.407 0 # matmult_gpu3
  2904.000  22000.417 0 # matmult_gpu3
  6144.000  40655.739 0 # matmult_gpu3
 11616.000  56115.743 0 # matmult_gpu3
 24576.000  68278.896 0 # matmult_gpu3
 46464.000  77690.440 0 # matmult_gpu3
 98304.000  87438.565 296 # matmult_gpu3
185856.000  92537.661 1952 # matmult_gpu3
393216.000  97427.242 18944 # matmult_gpu3
     6.000     19.292 0 # matmult_gpu4
    24.000    148.555 0 # matmult_gpu4
    54.000    485.636 0 # matmult_gpu4
    96.000    702.748 0 # matmult_gpu4
   216.000   1894.070 0 # matmult_gpu4
   384.000   4750.444 0 # matmult_gpu4
   726.000   9549.401 0 # matmult_gpu4
  1536.000  15017.753 0 # matmult_gpu4
  2904.000  23919.767 0 # matmult_gpu4
  6144.000  43321.527 0 # matmult_gpu4
 11616.000  58683.619 0 # matmult_gpu4
 24576.000  73425.556 0 # matmult_gpu4
 46464.000  83995.063 0 # matmult_gpu4
 98304.000  96768.562 296 # matmult_gpu4
185856.000 103866.951 1952 # matmult_gpu4
393216.000 108785.476 18944 # matmult_gpu4
     6.000     20.141 546176 # matmult_gpu5
    24.000    144.409 0 # matmult_gpu5
    54.000    387.333 1.29172e+08 # matmult_gpu5
    96.000    642.553 0 # matmult_gpu5
   216.000   1991.057 0 # matmult_gpu5
   384.000   4252.481 0 # matmult_gpu5
   726.000   9259.102 8.47569e+10 # matmult_gpu5
  1536.000  13895.425 0 # matmult_gpu5
  2904.000  23203.246 0 # matmult_gpu5
  6144.000  49109.611 0 # matmult_gpu5
 11616.000  79201.307 0 # matmult_gpu5
 24576.000 110703.685 0 # matmult_gpu5
 46464.000 132454.106 0 # matmult_gpu5
 98304.000 161920.903 296 # matmult_gpu5
185856.000 182608.651 1952 # matmult_gpu5
393216.000 204093.716 18944 # matmult_gpu5
     6.000      6.810 0 # matmult_gpulib
    24.000     50.928 0 # matmult_gpulib
    54.000    242.086 0 # matmult_gpulib
    96.000    577.842 0 # matmult_gpulib
   216.000   1355.247 0 # matmult_gpulib
   384.000   3029.439 0 # matmult_gpulib
   726.000   7062.044 0 # matmult_gpulib
  1536.000  15195.250 0 # matmult_gpulib
  2904.000  15530.770 0 # matmult_gpulib
  6144.000  56701.047 0 # matmult_gpulib
 11616.000  99708.145 0 # matmult_gpulib
 24576.000 128373.694 0 # matmult_gpulib
 46464.000 234733.494 0 # matmult_gpulib
 98304.000 335672.998 296 # matmult_gpulib
185856.000 424649.266 1952 # matmult_gpulib
393216.000 542861.294 18944 # matmult_gpulib
